"D:/Pica Emmanuel/4.Semester/GameJam2/CBT_Name/Content/ThirdPersonBP/Blueprints/GrabInterface.uasset" 0
"D:/Pica Emmanuel/4.Semester/GameJam2/CBT_Name/Content/ThirdPersonBP/Blueprints/GrabInterface.uexp" 1
"D:/Pica Emmanuel/4.Semester/GameJam2/CBT_Name/Content/Default_Material3.uasset" 2
"D:/Pica Emmanuel/4.Semester/GameJam2/CBT_Name/Content/Default_Material3.uexp" 3
"D:/Pica Emmanuel/4.Semester/GameJam2/CBT_Name/Content/FloatingIsland_sphere3_Original1.uasset" 4
"D:/Pica Emmanuel/4.Semester/GameJam2/CBT_Name/Content/FloatingIsland_sphere3_Original1.uexp" 5
"D:/Pica Emmanuel/4.Semester/GameJam2/CBT_Name/Content/animation_movement/texturecatfinal/lambert3.uasset" 6
"D:/Pica Emmanuel/4.Semester/GameJam2/CBT_Name/Content/animation_movement/texturecatfinal/lambert3.uexp" 7
"D:/Pica Emmanuel/4.Semester/GameJam2/CBT_Name/Content/ThirdPersonBP/Blueprints/GrabAsset1.uasset" 8
"D:/Pica Emmanuel/4.Semester/GameJam2/CBT_Name/Content/ThirdPersonBP/Blueprints/GrabAsset1.uexp" 9
"../../../Engine/Content/EditorBlueprintResources/StandardMacros.uasset" 10
"../../../Engine/Content/EditorBlueprintResources/StandardMacros.uexp" 11
"D:/Pica Emmanuel/4.Semester/GameJam2/CBT_Name/Content/animation_movement/Floating__3__Skeleton.uasset" 12
"D:/Pica Emmanuel/4.Semester/GameJam2/CBT_Name/Content/animation_movement/Floating__3__Skeleton.uexp" 13
"D:/Pica Emmanuel/4.Semester/GameJam2/CBT_Name/Content/animation_movement/Floating__3__PhysicsAsset.uasset" 14
"D:/Pica Emmanuel/4.Semester/GameJam2/CBT_Name/Content/animation_movement/Floating__3__PhysicsAsset.uexp" 15
"D:/Pica Emmanuel/4.Semester/GameJam2/CBT_Name/Content/animation_movement/Floating__3_.uasset" 16
"D:/Pica Emmanuel/4.Semester/GameJam2/CBT_Name/Content/animation_movement/Floating__3_.uexp" 17
"../../../Engine/Content/Animation/DefaultAnimBoneCompressionSettings.uasset" 18
"../../../Engine/Content/Animation/DefaultAnimBoneCompressionSettings.uexp" 19
"../../../Engine/Content/Animation/DefaultAnimCurveCompressionSettings.uasset" 20
"../../../Engine/Content/Animation/DefaultAnimCurveCompressionSettings.uexp" 21
"D:/Pica Emmanuel/4.Semester/GameJam2/CBT_Name/Content/animation_movement/runstatic_Anim.uasset" 22
"D:/Pica Emmanuel/4.Semester/GameJam2/CBT_Name/Content/animation_movement/runstatic_Anim.uexp" 23
"D:/Pica Emmanuel/4.Semester/GameJam2/CBT_Name/Content/animation_movement/Happy_Idle_Anim.uasset" 24
"D:/Pica Emmanuel/4.Semester/GameJam2/CBT_Name/Content/animation_movement/Happy_Idle_Anim.uexp" 25
"D:/Pica Emmanuel/4.Semester/GameJam2/CBT_Name/Content/animation_movement/Floating__3__Anim.uasset" 26
"D:/Pica Emmanuel/4.Semester/GameJam2/CBT_Name/Content/animation_movement/Floating__3__Anim.uexp" 27
"D:/Pica Emmanuel/4.Semester/GameJam2/CBT_Name/Content/animation_movement/catimation.uasset" 28
"D:/Pica Emmanuel/4.Semester/GameJam2/CBT_Name/Content/animation_movement/catimation.uexp" 29
"D:/Pica Emmanuel/4.Semester/GameJam2/CBT_Name/Content/ThirdPersonBP/Blueprints/ThirdPersonCharacter.uasset" 30
"D:/Pica Emmanuel/4.Semester/GameJam2/CBT_Name/Content/ThirdPersonBP/Blueprints/ThirdPersonCharacter.uexp" 31
"D:/Pica Emmanuel/4.Semester/GameJam2/CBT_Name/Content/ThirdPersonBP/Blueprints/ThirdPersonGameMode.uasset" 32
"D:/Pica Emmanuel/4.Semester/GameJam2/CBT_Name/Content/ThirdPersonBP/Blueprints/ThirdPersonGameMode.uexp" 33
"D:/Pica Emmanuel/4.Semester/GameJam2/CBT_Name/Content/UI/Controls_widget.uasset" 34
"D:/Pica Emmanuel/4.Semester/GameJam2/CBT_Name/Content/UI/Controls_widget.uexp" 35
"../../../Engine/Content/Functions/Engine_MaterialFunctions01/Opacity/CameraDepthFade.uasset" 36
"../../../Engine/Content/Functions/Engine_MaterialFunctions01/Opacity/CameraDepthFade.uexp" 37
"../../../Engine/Content/EngineMaterials/T_Default_Material_Grid_N.uasset" 38
"../../../Engine/Content/EngineMaterials/T_Default_Material_Grid_N.uexp" 39
"../../../Engine/Content/EngineMaterials/T_Default_Material_Grid_N.ubulk" 40
"../../../Engine/Content/EngineMaterials/T_Default_Material_Grid_M.uasset" 41
"../../../Engine/Content/EngineMaterials/T_Default_Material_Grid_M.uexp" 42
"../../../Engine/Content/EngineMaterials/T_Default_Material_Grid_M.ubulk" 43
"../../../Engine/Content/EngineMaterials/WorldGridMaterial.uasset" 44
"../../../Engine/Content/EngineMaterials/WorldGridMaterial.uexp" 45
"../../../Engine/Content/ArtTools/RenderToTexture/Meshes/S_1_Unit_Plane.uasset" 46
"../../../Engine/Content/ArtTools/RenderToTexture/Meshes/S_1_Unit_Plane.uexp" 47
"../../../Engine/Content/EngineMaterials/DefaultMaterial.uasset" 48
"../../../Engine/Content/EngineMaterials/DefaultMaterial.uexp" 49
"../../../Engine/Content/BasicShapes/Cone.uasset" 50
"../../../Engine/Content/BasicShapes/Cone.uexp" 51
"../../../Engine/Content/BasicShapes/Cube.uasset" 52
"../../../Engine/Content/BasicShapes/Cube.uexp" 53
"../../../Engine/Content/BasicShapes/Plane.uasset" 54
"../../../Engine/Content/BasicShapes/Plane.uexp" 55
"../../../Engine/Content/BasicShapes/Sphere.uasset" 56
"../../../Engine/Content/BasicShapes/Sphere.uexp" 57
"../../../Engine/Content/EditorLandscapeResources/DataLayer.uasset" 58
"../../../Engine/Content/EditorLandscapeResources/DataLayer.uexp" 59
"../../../Engine/Content/EditorLandscapeResources/DefaultAlphaTexture.uasset" 60
"../../../Engine/Content/EditorLandscapeResources/DefaultAlphaTexture.uexp" 61
"../../../Engine/Content/EditorMaterials/MAT_Groups_Toggle.uasset" 62
"../../../Engine/Content/EditorMaterials/MAT_Groups_Toggle.uexp" 63
"../../../Engine/Content/EditorMaterials/MAT_Groups_Visibility.uasset" 64
"../../../Engine/Content/EditorMaterials/MAT_Groups_Visibility.uexp" 65
"../../../Engine/Content/EditorMaterials/PreviewShadowIndicator.uasset" 66
"../../../Engine/Content/EditorMaterials/PreviewShadowIndicator.uexp" 67
"../../../Engine/Content/EditorMaterials/PreviewShadowIndicator.ubulk" 68
"../../../Engine/Content/EditorMaterials/PreviewShadowIndicatorMaterial.uasset" 69
"../../../Engine/Content/EditorMaterials/PreviewShadowIndicatorMaterial.uexp" 70
"../../../Engine/Content/EditorMaterials/MatineeGroups/MAT_ColorTrack.uasset" 71
"../../../Engine/Content/EditorMaterials/MatineeGroups/MAT_ColorTrack.uexp" 72
"../../../Engine/Content/EditorMaterials/MatineeGroups/MAT_Groups_Anim.uasset" 73
"../../../Engine/Content/EditorMaterials/MatineeGroups/MAT_Groups_Anim.uexp" 74
"../../../Engine/Content/EditorMaterials/MatineeGroups/MAT_Groups_AudioMaster.uasset" 75
"../../../Engine/Content/EditorMaterials/MatineeGroups/MAT_Groups_AudioMaster.uexp" 76
"../../../Engine/Content/EditorMaterials/MatineeGroups/MAT_Groups_Director.uasset" 77
"../../../Engine/Content/EditorMaterials/MatineeGroups/MAT_Groups_Director.uexp" 78
"../../../Engine/Content/EditorMaterials/MatineeGroups/MAT_Groups_Event.uasset" 79
"../../../Engine/Content/EditorMaterials/MatineeGroups/MAT_Groups_Event.uexp" 80
"../../../Engine/Content/EditorMaterials/MatineeGroups/MAT_Groups_Fade.uasset" 81
"../../../Engine/Content/EditorMaterials/MatineeGroups/MAT_Groups_Fade.uexp" 82
"../../../Engine/Content/EditorMaterials/MatineeGroups/MAT_Groups_Float.uasset" 83
"../../../Engine/Content/EditorMaterials/MatineeGroups/MAT_Groups_Float.uexp" 84
"../../../Engine/Content/EditorMaterials/MatineeGroups/MAT_Groups_Move.uasset" 85
"../../../Engine/Content/EditorMaterials/MatineeGroups/MAT_Groups_Move.uexp" 86
"../../../Engine/Content/EditorMaterials/MatineeGroups/MAT_Groups_Slomo.uasset" 87
"../../../Engine/Content/EditorMaterials/MatineeGroups/MAT_Groups_Slomo.uexp" 88
"../../../Engine/Content/EditorMaterials/MatineeGroups/MAT_Groups_Sound.uasset" 89
"../../../Engine/Content/EditorMaterials/MatineeGroups/MAT_Groups_Sound.uexp" 90
"../../../Engine/Content/EditorMaterials/MatineeGroups/MAT_Groups_Vector.uasset" 91
"../../../Engine/Content/EditorMaterials/MatineeGroups/MAT_Groups_Vector.uexp" 92
"../../../Engine/Content/EditorMaterials/ParticleSystems/PSysThumbnail_NoImage.uasset" 93
"../../../Engine/Content/EditorMaterials/ParticleSystems/PSysThumbnail_NoImage.uexp" 94
"../../../Engine/Content/EditorMaterials/ParticleSystems/PSysThumbnail_NoImage.ubulk" 95
"../../../Engine/Content/EditorMaterials/ParticleSystems/PSysThumbnail_OOD.uasset" 96
"../../../Engine/Content/EditorMaterials/ParticleSystems/PSysThumbnail_OOD.uexp" 97
"../../../Engine/Content/EditorMaterials/ParticleSystems/PSysThumbnail_OOD.ubulk" 98
"../../../Engine/Content/EditorMaterials/Camera/CineMat.uasset" 99
"../../../Engine/Content/EditorMaterials/Camera/CineMat.uexp" 100
"../../../Engine/Content/EditorMaterials/Camera/MI_CineMat_Rig.uasset" 101
"../../../Engine/Content/EditorMaterials/Camera/MI_CineMat_Rig.uexp" 102
"../../../Engine/Content/EditorMeshes/Camera/SM_CraneRig_Arm.uasset" 103
"../../../Engine/Content/EditorMeshes/Camera/SM_CraneRig_Arm.uexp" 104
"../../../Engine/Content/EditorMeshes/Camera/SM_CraneRig_Base.uasset" 105
"../../../Engine/Content/EditorMeshes/Camera/SM_CraneRig_Base.uexp" 106
"../../../Engine/Content/EditorMeshes/Camera/SM_CraneRig_Body.uasset" 107
"../../../Engine/Content/EditorMeshes/Camera/SM_CraneRig_Body.uexp" 108
"../../../Engine/Content/EditorMeshes/Camera/SM_CraneRig_Mount.uasset" 109
"../../../Engine/Content/EditorMeshes/Camera/SM_CraneRig_Mount.uexp" 110
"../../../Engine/Content/EditorMeshes/Camera/SM_RailRig_Mount.uasset" 111
"../../../Engine/Content/EditorMeshes/Camera/SM_RailRig_Mount.uexp" 112
"../../../Engine/Content/EditorMeshes/Camera/SM_RailRig_Track.uasset" 113
"../../../Engine/Content/EditorMeshes/Camera/SM_RailRig_Track.uexp" 114
"../../../Engine/Content/EditorResources/BSPVertex.uasset" 115
"../../../Engine/Content/EditorResources/BSPVertex.uexp" 116
"../../../Engine/Content/EditorResources/EmptyActor.uasset" 117
"../../../Engine/Content/EditorResources/EmptyActor.uexp" 118
"../../../Engine/Content/EditorResources/S_Actor.uasset" 119
"../../../Engine/Content/EditorResources/S_Actor.uexp" 120
"../../../Engine/Content/EditorResources/S_Actor.ubulk" 121
"../../../Engine/Content/EditorResources/S_Note.uasset" 122
"../../../Engine/Content/EditorResources/S_Note.uexp" 123
"../../../Engine/Content/EditorResources/S_Note.ubulk" 124
"../../../Engine/Content/EditorResources/S_Solver.uasset" 125
"../../../Engine/Content/EditorResources/S_Solver.uexp" 126
"../../../Engine/Content/EditorResources/S_Solver.ubulk" 127
"../../../Engine/Content/EditorResources/S_Terrain.uasset" 128
"../../../Engine/Content/EditorResources/S_Terrain.uexp" 129
"../../../Engine/Content/EditorResources/S_Terrain.ubulk" 130
"../../../Engine/Content/EditorResources/S_Trigger.uasset" 131
"../../../Engine/Content/EditorResources/S_Trigger.uexp" 132
"../../../Engine/Content/EditorResources/S_Trigger.ubulk" 133
"../../../Engine/Content/EditorResources/LightIcons/S_LightError.uasset" 134
"../../../Engine/Content/EditorResources/LightIcons/S_LightError.uexp" 135
"../../../Engine/Content/EditorResources/SequenceRecorder/Countdown.uasset" 136
"../../../Engine/Content/EditorResources/SequenceRecorder/Countdown.uexp" 137
"../../../Engine/Content/EditorResources/SequenceRecorder/RecordingIndicator.uasset" 138
"../../../Engine/Content/EditorResources/SequenceRecorder/RecordingIndicator.uexp" 139
"../../../Engine/Content/EngineDamageTypes/DmgTypeBP_Environmental.uasset" 140
"../../../Engine/Content/EngineDamageTypes/DmgTypeBP_Environmental.uexp" 141
"../../../Engine/Content/EngineDebugMaterials/DebugEditorMaterial.uasset" 142
"../../../Engine/Content/EngineDebugMaterials/DebugEditorMaterial.uexp" 143
"../../../Engine/Content/EngineDebugMaterials/DebugMeshMaterial.uasset" 144
"../../../Engine/Content/EngineDebugMaterials/DebugMeshMaterial.uexp" 145
"../../../Engine/Content/EngineDebugMaterials/M_SimpleUnlitTranslucent.uasset" 146
"../../../Engine/Content/EngineDebugMaterials/M_SimpleUnlitTranslucent.uexp" 147
"../../../Engine/Content/EngineDebugMaterials/VolumeToRender.uasset" 148
"../../../Engine/Content/EngineDebugMaterials/VolumeToRender.uexp" 149
"../../../Engine/Content/Functions/Engine_MaterialFunctions02/Utility/CameraDirectionVector.uasset" 150
"../../../Engine/Content/Functions/Engine_MaterialFunctions02/Utility/CameraDirectionVector.uexp" 151
"../../../Engine/Content/EngineDebugMaterials/M_VolumeRenderSphereTracePP.uasset" 152
"../../../Engine/Content/EngineDebugMaterials/M_VolumeRenderSphereTracePP.uexp" 153
"../../../Engine/Content/Functions/Engine_MaterialFunctions01/Shading/ConvertFromDiffSpec.uasset" 154
"../../../Engine/Content/Functions/Engine_MaterialFunctions01/Shading/ConvertFromDiffSpec.uexp" 155
"../../../Engine/Content/EngineDebugMaterials/VertexColorMaterial.uasset" 156
"../../../Engine/Content/EngineDebugMaterials/VertexColorMaterial.uexp" 157
"../../../Engine/Content/EngineDebugMaterials/WireframeMaterial.uasset" 158
"../../../Engine/Content/EngineDebugMaterials/WireframeMaterial.uexp" 159
"../../../Engine/Content/EngineFonts/Faces/RobotoRegular.uasset" 160
"../../../Engine/Content/EngineFonts/Faces/RobotoRegular.uexp" 161
"../../../Engine/Content/EngineFonts/Faces/RobotoRegular.ufont" 162
"../../../Engine/Content/EngineFonts/Faces/RobotoLight.uasset" 163
"../../../Engine/Content/EngineFonts/Faces/RobotoLight.uexp" 164
"../../../Engine/Content/EngineFonts/Faces/RobotoLight.ufont" 165
"../../../Engine/Content/EngineFonts/Faces/RobotoItalic.uasset" 166
"../../../Engine/Content/EngineFonts/Faces/RobotoItalic.uexp" 167
"../../../Engine/Content/EngineFonts/Faces/RobotoItalic.ufont" 168
"../../../Engine/Content/EngineFonts/Faces/RobotoBoldItalic.uasset" 169
"../../../Engine/Content/EngineFonts/Faces/RobotoBoldItalic.uexp" 170
"../../../Engine/Content/EngineFonts/Faces/RobotoBoldItalic.ufont" 171
"../../../Engine/Content/EngineFonts/Faces/RobotoBold.uasset" 172
"../../../Engine/Content/EngineFonts/Faces/RobotoBold.uexp" 173
"../../../Engine/Content/EngineFonts/Faces/RobotoBold.ufont" 174
"../../../Engine/Content/EngineFonts/Faces/DroidSansFallback.uasset" 175
"../../../Engine/Content/EngineFonts/Faces/DroidSansFallback.uexp" 176
"../../../Engine/Content/EngineFonts/Faces/DroidSansFallback.ufont" 177
"../../../Engine/Content/EngineFonts/Roboto.uasset" 178
"../../../Engine/Content/EngineFonts/Roboto.uexp" 179
"../../../Engine/Content/EngineMaterials/BaseFlattenNormalMap.uasset" 180
"../../../Engine/Content/EngineMaterials/BaseFlattenNormalMap.uexp" 181
"../../../Engine/Content/EngineMaterials/BaseFlattenGrayscaleMap.uasset" 182
"../../../Engine/Content/EngineMaterials/BaseFlattenGrayscaleMap.uexp" 183
"../../../Engine/Content/EngineMaterials/BaseFlattenEmissiveMap.uasset" 184
"../../../Engine/Content/EngineMaterials/BaseFlattenEmissiveMap.uexp" 185
"../../../Engine/Content/EngineMaterials/BaseFlattenDiffuseMap.uasset" 186
"../../../Engine/Content/EngineMaterials/BaseFlattenDiffuseMap.uexp" 187
"../../../Engine/Content/EngineMaterials/BaseFlattenMaterial.uasset" 188
"../../../Engine/Content/EngineMaterials/BaseFlattenMaterial.uexp" 189
"../../../Engine/Content/EngineMaterials/BlueNoise.uasset" 190
"../../../Engine/Content/EngineMaterials/BlueNoise.uexp" 191
"../../../Engine/Content/EngineMaterials/DefaultBloomKernel.uasset" 192
"../../../Engine/Content/EngineMaterials/DefaultBloomKernel.uexp" 193
"../../../Engine/Content/EngineMaterials/DefaultBokeh.uasset" 194
"../../../Engine/Content/EngineMaterials/DefaultBokeh.uexp" 195
"../../../Engine/Content/EngineMaterials/DefaultDiffuse.uasset" 196
"../../../Engine/Content/EngineMaterials/DefaultDiffuse.uexp" 197
"../../../Engine/Content/EngineMaterials/DefaultDiffuse.ubulk" 198
"../../../Engine/Content/EngineMaterials/DefaultDeferredDecalMaterial.uasset" 199
"../../../Engine/Content/EngineMaterials/DefaultDeferredDecalMaterial.uexp" 200
"../../../Engine/Content/EngineMaterials/DefaultLightFunctionMaterial.uasset" 201
"../../../Engine/Content/EngineMaterials/DefaultLightFunctionMaterial.uexp" 202
"../../../Engine/Content/EngineMaterials/DefaultPhysicalMaterial.uasset" 203
"../../../Engine/Content/EngineMaterials/DefaultPhysicalMaterial.uexp" 204
"../../../Engine/Content/Functions/Engine_MaterialFunctions02/Utility/BreakOutFloat2Components.uasset" 205
"../../../Engine/Content/Functions/Engine_MaterialFunctions02/Utility/BreakOutFloat2Components.uexp" 206
"../../../Engine/Content/EngineMaterials/DefaultPostProcessMaterial.uasset" 207
"../../../Engine/Content/EngineMaterials/DefaultPostProcessMaterial.uexp" 208
"../../../Engine/Content/EngineFonts/RobotoDistanceField.uasset" 209
"../../../Engine/Content/EngineFonts/RobotoDistanceField.uexp" 210
"../../../Engine/Content/EngineMaterials/DefaultTextMaterialOpaque.uasset" 211
"../../../Engine/Content/EngineMaterials/DefaultTextMaterialOpaque.uexp" 212
"../../../Engine/Content/EngineMaterials/DefaultWhiteGrid.uasset" 213
"../../../Engine/Content/EngineMaterials/DefaultWhiteGrid.uexp" 214
"../../../Engine/Content/EngineMaterials/DefaultWhiteGrid.ubulk" 215
"../../../Engine/Content/EngineMaterials/DefaultWhiteGrid_Low.uasset" 216
"../../../Engine/Content/EngineMaterials/DefaultWhiteGrid_Low.uexp" 217
"../../../Engine/Content/EngineMaterials/EmissiveMeshMaterial.uasset" 218
"../../../Engine/Content/EngineMaterials/EmissiveMeshMaterial.uexp" 219
"../../../Engine/Content/EngineMaterials/GizmoMaterial.uasset" 220
"../../../Engine/Content/EngineMaterials/GizmoMaterial.uexp" 221
"../../../Engine/Content/EngineMaterials/Good64x64TilingNoiseHighFreq.uasset" 222
"../../../Engine/Content/EngineMaterials/Good64x64TilingNoiseHighFreq.uexp" 223
"../../../Engine/Content/EngineMaterials/MiniFont.uasset" 224
"../../../Engine/Content/EngineMaterials/MiniFont.uexp" 225
"../../../Engine/Content/EngineMaterials/InvalidLightmapSettings.uasset" 226
"../../../Engine/Content/EngineMaterials/InvalidLightmapSettings.uexp" 227
"../../../Engine/Content/EngineMaterials/InvalidLightmapSettings.ubulk" 228
"../../../Engine/Content/EngineMaterials/M_InvalidLightmapSettings.uasset" 229
"../../../Engine/Content/EngineMaterials/M_InvalidLightmapSettings.uexp" 230
"../../../Engine/Content/Functions/Engine_MaterialFunctions02/WorldPositionOffset/CameraOffset.uasset" 231
"../../../Engine/Content/Functions/Engine_MaterialFunctions02/WorldPositionOffset/CameraOffset.uexp" 232
"../../../Engine/Content/EngineMaterials/PhAT_JointLimitMaterial.uasset" 233
"../../../Engine/Content/EngineMaterials/PhAT_JointLimitMaterial.uexp" 234
"../../../Engine/Content/EngineMaterials/DefaultCalibrationColor.uasset" 235
"../../../Engine/Content/EngineMaterials/DefaultCalibrationColor.uexp" 236
"../../../Engine/Content/EngineMaterials/PPM_DefaultCalibrationColor.uasset" 237
"../../../Engine/Content/EngineMaterials/PPM_DefaultCalibrationColor.uexp" 238
"../../../Engine/Content/EngineMaterials/DefaultCalibrationGrayscale.uasset" 239
"../../../Engine/Content/EngineMaterials/DefaultCalibrationGrayscale.uexp" 240
"../../../Engine/Content/EngineMaterials/PPM_DefaultCalibrationGrayscale.uasset" 241
"../../../Engine/Content/EngineMaterials/PPM_DefaultCalibrationGrayscale.uexp" 242
"../../../Engine/Content/EngineMaterials/PreintegratedSkinBRDF.uasset" 243
"../../../Engine/Content/EngineMaterials/PreintegratedSkinBRDF.uexp" 244
"../../../Engine/Content/EngineMaterials/RemoveSurfaceMaterial.uasset" 245
"../../../Engine/Content/EngineMaterials/RemoveSurfaceMaterial.uexp" 246
"../../../Engine/Content/EngineMaterials/WeightMapPlaceholderTexture.uasset" 247
"../../../Engine/Content/EngineMaterials/WeightMapPlaceholderTexture.uexp" 248
"../../../Engine/Content/EngineResources/WhiteSquareTexture.uasset" 249
"../../../Engine/Content/EngineResources/WhiteSquareTexture.uexp" 250
"../../../Engine/Content/EngineMaterials/Widget3DPassThrough.uasset" 251
"../../../Engine/Content/EngineMaterials/Widget3DPassThrough.uexp" 252
"../../../Engine/Content/EngineMaterials/Widget3DPassThrough_Masked.uasset" 253
"../../../Engine/Content/EngineMaterials/Widget3DPassThrough_Masked.uexp" 254
"../../../Engine/Content/EngineMaterials/Widget3DPassThrough_Opaque.uasset" 255
"../../../Engine/Content/EngineMaterials/Widget3DPassThrough_Opaque.uexp" 256
"../../../Engine/Content/EngineMaterials/Widget3DPassThrough_Masked_OneSided.uasset" 257
"../../../Engine/Content/EngineMaterials/Widget3DPassThrough_Masked_OneSided.uexp" 258
"../../../Engine/Content/EngineMaterials/Widget3DPassThrough_Opaque_OneSided.uasset" 259
"../../../Engine/Content/EngineMaterials/Widget3DPassThrough_Opaque_OneSided.uexp" 260
"../../../Engine/Content/EngineMaterials/Widget3DPassThrough_Translucent.uasset" 261
"../../../Engine/Content/EngineMaterials/Widget3DPassThrough_Translucent.uexp" 262
"../../../Engine/Content/EngineMaterials/Widget3DPassThrough_Translucent_OneSided.uasset" 263
"../../../Engine/Content/EngineMaterials/Widget3DPassThrough_Translucent_OneSided.uexp" 264
"../../../Engine/Content/EngineMeshes/Cylinder.uasset" 265
"../../../Engine/Content/EngineMeshes/Cylinder.uexp" 266
"../../../Engine/Content/EngineMeshes/Sphere.uasset" 267
"../../../Engine/Content/EngineMeshes/Sphere.uexp" 268
"../../../Engine/Content/EngineResources/DefaultTexture.uasset" 269
"../../../Engine/Content/EngineResources/DefaultTexture.uexp" 270
"../../../Engine/Content/EngineResources/DefaultTexture.ubulk" 271
"../../../Engine/Content/EngineResources/DefaultTextureCube.uasset" 272
"../../../Engine/Content/EngineResources/DefaultTextureCube.uexp" 273
"../../../Engine/Content/EngineResources/DefaultVolumeTexture2D.uasset" 274
"../../../Engine/Content/EngineResources/DefaultVolumeTexture2D.uexp" 275
"../../../Engine/Content/EngineResources/DefaultVolumeTexture.uasset" 276
"../../../Engine/Content/EngineResources/DefaultVolumeTexture.uexp" 277
"../../../Engine/Content/EngineResources/GradientTexture0.uasset" 278
"../../../Engine/Content/EngineResources/GradientTexture0.uexp" 279
"../../../Engine/Content/EngineSky/VolumetricClouds/T_NoiseShape64.uasset" 280
"../../../Engine/Content/EngineSky/VolumetricClouds/T_NoiseShape64.uexp" 281
"../../../Engine/Content/EngineSky/VolumetricClouds/T_NoiseShape64.ubulk" 282
"../../../Engine/Content/EngineSky/VolumetricClouds/T_VolumeNoiseShape64.uasset" 283
"../../../Engine/Content/EngineSky/VolumetricClouds/T_VolumeNoiseShape64.uexp" 284
"../../../Engine/Content/EngineSky/VolumetricClouds/T_NoiseErosion.uasset" 285
"../../../Engine/Content/EngineSky/VolumetricClouds/T_NoiseErosion.uexp" 286
"../../../Engine/Content/EngineSky/VolumetricClouds/T_NoiseErosion.ubulk" 287
"../../../Engine/Content/EngineSky/VolumetricClouds/T_VolumeNoiseErosion32.uasset" 288
"../../../Engine/Content/EngineSky/VolumetricClouds/T_VolumeNoiseErosion32.uexp" 289
"../../../Engine/Content/EngineSky/VolumetricClouds/CloudWeatherTexture.uasset" 290
"../../../Engine/Content/EngineSky/VolumetricClouds/CloudWeatherTexture.uexp" 291
"../../../Engine/Content/EngineSky/VolumetricClouds/CloudGradientTexture.uasset" 292
"../../../Engine/Content/EngineSky/VolumetricClouds/CloudGradientTexture.uexp" 293
"../../../Engine/Content/Functions/Engine_MaterialFunctions02/Utility/MakeFloat2.uasset" 294
"../../../Engine/Content/Functions/Engine_MaterialFunctions02/Utility/MakeFloat2.uexp" 295
"../../../Engine/Content/EngineSky/VolumetricClouds/m_SimpleVolumetricCloud.uasset" 296
"../../../Engine/Content/EngineSky/VolumetricClouds/m_SimpleVolumetricCloud.uexp" 297
"../../../Engine/Content/EngineSky/VolumetricClouds/m_SimpleVolumetricCloud_Inst.uasset" 298
"../../../Engine/Content/EngineSky/VolumetricClouds/m_SimpleVolumetricCloud_Inst.uexp" 299
"../../../Engine/Content/EngineSounds/Master.uasset" 300
"../../../Engine/Content/EngineSounds/Master.uexp" 301
"../../../Engine/Content/Functions/Engine_MaterialFunctions01/Shading/PowerToRoughness.uasset" 302
"../../../Engine/Content/Functions/Engine_MaterialFunctions01/Shading/PowerToRoughness.uexp" 303
"../../../Engine/Content/Maps/Templates/Thumbnails/Default.uasset" 304
"../../../Engine/Content/Maps/Templates/Thumbnails/Default.uexp" 305
"../../../Engine/Content/Maps/Templates/Thumbnails/TimeOfDay.uasset" 306
"../../../Engine/Content/Maps/Templates/Thumbnails/TimeOfDay.uexp" 307
"../../../Engine/Content/Maps/Templates/Thumbnails/VR-Basic.uasset" 308
"../../../Engine/Content/Maps/Templates/Thumbnails/VR-Basic.uexp" 309
"../../../Engine/Content/MobileResources/T_MobileControls_texture.uasset" 310
"../../../Engine/Content/MobileResources/T_MobileControls_texture.uexp" 311
"../../../Engine/Content/MobileResources/T_MobileMenu2.uasset" 312
"../../../Engine/Content/MobileResources/T_MobileMenu2.uexp" 313
"../../../Engine/Content/MobileResources/HUD/AnalogHat.uasset" 314
"../../../Engine/Content/MobileResources/HUD/AnalogHat.uexp" 315
"../../../Engine/Content/MobileResources/HUD/VirtualJoystick_Thumb.uasset" 316
"../../../Engine/Content/MobileResources/HUD/VirtualJoystick_Thumb.uexp" 317
"../../../Engine/Content/MobileResources/HUD/VirtualJoystick_Background.uasset" 318
"../../../Engine/Content/MobileResources/HUD/VirtualJoystick_Background.uexp" 319
"../../../Engine/Content/MobileResources/HUD/DefaultVirtualJoysticks.uasset" 320
"../../../Engine/Content/MobileResources/HUD/DefaultVirtualJoysticks.uexp" 321
"../../../Engine/Content/MobileResources/HUD/LeftVirtualJoystickOnly.uasset" 322
"../../../Engine/Content/MobileResources/HUD/LeftVirtualJoystickOnly.uexp" 323
"../../../Engine/Content/MobileResources/HUD/MobileHUDButton1_off.uasset" 324
"../../../Engine/Content/MobileResources/HUD/MobileHUDButton1_off.uexp" 325
"../../../Engine/Content/MobileResources/HUD/MobileHUDButton1_on.uasset" 326
"../../../Engine/Content/MobileResources/HUD/MobileHUDButton1_on.uexp" 327
"../../../Engine/Content/MobileResources/HUD/MobileHUDButton2_off.uasset" 328
"../../../Engine/Content/MobileResources/HUD/MobileHUDButton2_off.uexp" 329
"../../../Engine/Content/MobileResources/HUD/MobileHUDButton2_on.uasset" 330
"../../../Engine/Content/MobileResources/HUD/MobileHUDButton2_on.uexp" 331
"../../../Engine/Content/MobileResources/HUD/MobileHUDButton3.uasset" 332
"../../../Engine/Content/MobileResources/HUD/MobileHUDButton3.uexp" 333
"../../../Engine/Content/MobileResources/HUD/MobileHUDButtonFire.uasset" 334
"../../../Engine/Content/MobileResources/HUD/MobileHUDButtonFire.uexp" 335
"../../../Engine/Content/MobileResources/HUD/MobileHUDDirectionPad.uasset" 336
"../../../Engine/Content/MobileResources/HUD/MobileHUDDirectionPad.uexp" 337
"../../../Engine/Content/MobileResources/HUD/MobileHUDDirectionPad2.uasset" 338
"../../../Engine/Content/MobileResources/HUD/MobileHUDDirectionPad2.uexp" 339
"../../../Engine/Content/MobileResources/HUD/MobileHUDDirectionPad3.uasset" 340
"../../../Engine/Content/MobileResources/HUD/MobileHUDDirectionPad3.uexp" 341
"../../../Engine/Content/MobileResources/HUD/MobileHUDDirectionStick.uasset" 342
"../../../Engine/Content/MobileResources/HUD/MobileHUDDirectionStick.uexp" 343
"../../../Engine/Content/MobileResources/HUD/T_Castle_ThumbstickInner.uasset" 344
"../../../Engine/Content/MobileResources/HUD/T_Castle_ThumbstickInner.uexp" 345
"../../../Engine/Content/MobileResources/HUD/T_Castle_ThumbstickOutter.uasset" 346
"../../../Engine/Content/MobileResources/HUD/T_Castle_ThumbstickOutter.uexp" 347
"../../../Engine/Content/Tutorial/ContentIntroCurve.uasset" 348
"../../../Engine/Content/Tutorial/ContentIntroCurve.uexp" 349
"../../../Engine/Content/VREditor/TransformGizmo/TranslucentTransformGizmoMaterial.uasset" 350
"../../../Engine/Content/VREditor/TransformGizmo/TranslucentTransformGizmoMaterial.uexp" 351
"../../../Engine/Content/VREditor/LaserPointer/VR_LaserPower_01.uasset" 352
"../../../Engine/Content/VREditor/LaserPointer/VR_LaserPower_01.uexp" 353
"../../../Engine/Content/VREditor/LaserPointer/VR_LaserPower_01.ubulk" 354
"../../../Engine/Content/VREditor/TransformGizmo/TransformGizmoMaterial.uasset" 355
"../../../Engine/Content/VREditor/TransformGizmo/TransformGizmoMaterial.uexp" 356
"../../../Engine/Content/VREditor/TransformGizmo/BoundingBoxCorner.uasset" 357
"../../../Engine/Content/VREditor/TransformGizmo/BoundingBoxCorner.uexp" 358
"../../../Engine/Content/VREditor/TransformGizmo/BoundingBoxEdge.uasset" 359
"../../../Engine/Content/VREditor/TransformGizmo/BoundingBoxEdge.uexp" 360
"../../../Engine/Content/VREditor/TransformGizmo/PlaneTranslationHandle.uasset" 361
"../../../Engine/Content/VREditor/TransformGizmo/PlaneTranslationHandle.uexp" 362
"../../../Engine/Content/VREditor/TransformGizmo/Xray.uasset" 363
"../../../Engine/Content/VREditor/TransformGizmo/Xray.uexp" 364
"../../../Engine/Content/VREditor/TransformGizmo/Main.uasset" 365
"../../../Engine/Content/VREditor/TransformGizmo/Main.uexp" 366
"../../../Engine/Content/VREditor/TransformGizmo/SM_Sequencer_Key.uasset" 367
"../../../Engine/Content/VREditor/TransformGizmo/SM_Sequencer_Key.uexp" 368
"../../../Engine/Content/VREditor/TransformGizmo/SM_Sequencer_Node.uasset" 369
"../../../Engine/Content/VREditor/TransformGizmo/SM_Sequencer_Node.uexp" 370
"../../../Engine/Plugins/2D/Paper2D/Content/PlaceholderTextures/DummySpriteTexture.uasset" 371
"../../../Engine/Plugins/2D/Paper2D/Content/PlaceholderTextures/DummySpriteTexture.uexp" 372
"../../../Engine/Plugins/2D/Paper2D/Content/PlaceholderTextures/DummySpriteTexture.ubulk" 373
"../../../Engine/Plugins/2D/Paper2D/Content/DummySprite.uasset" 374
"../../../Engine/Plugins/2D/Paper2D/Content/DummySprite.uexp" 375
"../../../Engine/Plugins/2D/Paper2D/Content/DefaultPaperTerrainMaterial.uasset" 376
"../../../Engine/Plugins/2D/Paper2D/Content/DefaultPaperTerrainMaterial.uexp" 377
"../../../Engine/Plugins/2D/Paper2D/Content/DefaultSpriteMaterial.uasset" 378
"../../../Engine/Plugins/2D/Paper2D/Content/DefaultSpriteMaterial.uexp" 379
"../../../Engine/Plugins/2D/Paper2D/Content/MaskedUnlitSpriteMaterial.uasset" 380
"../../../Engine/Plugins/2D/Paper2D/Content/MaskedUnlitSpriteMaterial.uexp" 381
"../../../Engine/Plugins/2D/Paper2D/Content/OpaqueUnlitSpriteMaterial.uasset" 382
"../../../Engine/Plugins/2D/Paper2D/Content/OpaqueUnlitSpriteMaterial.uexp" 383
"../../../Engine/Content/ArtTools/RenderToTexture/Materials/Debug/M_Emissive_Color.uasset" 384
"../../../Engine/Content/ArtTools/RenderToTexture/Materials/Debug/M_Emissive_Color.uexp" 385
"../../../Engine/Content/BasicShapes/Cylinder.uasset" 386
"../../../Engine/Content/BasicShapes/Cylinder.uexp" 387
"../../../Engine/Plugins/Lumin/MagicLeapPassableWorld/Content/MagicLeapARPinInfoActor.uasset" 388
"../../../Engine/Plugins/Lumin/MagicLeapPassableWorld/Content/MagicLeapARPinInfoActor.uexp" 389
"../../../Engine/Content/Functions/Engine_MaterialFunctions02/Utility/VectorLength.uasset" 390
"../../../Engine/Content/Functions/Engine_MaterialFunctions02/Utility/VectorLength.uexp" 391
"../../../Engine/Content/Functions/Engine_MaterialFunctions02/ObjectLocalBounds.uasset" 392
"../../../Engine/Content/Functions/Engine_MaterialFunctions02/ObjectLocalBounds.uexp" 393
"../../../Engine/Content/Functions/Engine_MaterialFunctions02/WorldPositionOffset/ObjectScale.uasset" 394
"../../../Engine/Content/Functions/Engine_MaterialFunctions02/WorldPositionOffset/ObjectScale.uexp" 395
"../../../Engine/Content/Functions/Engine_MaterialFunctions02/Utility/BreakOutFloat3Components.uasset" 396
"../../../Engine/Content/Functions/Engine_MaterialFunctions02/Utility/BreakOutFloat3Components.uexp" 397
"../../../Engine/Content/Functions/Engine_MaterialFunctions02/UVs/BoundingBoxBased_0-1_UVW.uasset" 398
"../../../Engine/Content/Functions/Engine_MaterialFunctions02/UVs/BoundingBoxBased_0-1_UVW.uexp" 399
"../../../Engine/Content/Functions/Engine_MaterialFunctions02/SafeNormalize.uasset" 400
"../../../Engine/Content/Functions/Engine_MaterialFunctions02/SafeNormalize.uexp" 401
"../../../Engine/Plugins/Editor/SpeedTreeImporter/Content/SpeedTree9/UnpackInteger3.uasset" 402
"../../../Engine/Plugins/Editor/SpeedTreeImporter/Content/SpeedTree9/UnpackInteger3.uexp" 403
"../../../Engine/Plugins/Editor/SpeedTreeImporter/Content/SpeedTree9/UnpackDirection.uasset" 404
"../../../Engine/Plugins/Editor/SpeedTreeImporter/Content/SpeedTree9/UnpackDirection.uexp" 405
"../../../Engine/Plugins/Editor/SpeedTreeImporter/Content/SpeedTree9/game_wind_noise.uasset" 406
"../../../Engine/Plugins/Editor/SpeedTreeImporter/Content/SpeedTree9/game_wind_noise.uexp" 407
"../../../Engine/Plugins/Editor/SpeedTreeImporter/Content/SpeedTree9/game_wind_noise.ubulk" 408
"../../../Engine/Plugins/Editor/SpeedTreeImporter/Content/SpeedTree9/SpeedTreeWindMotion.uasset" 409
"../../../Engine/Plugins/Editor/SpeedTreeImporter/Content/SpeedTree9/SpeedTreeWindMotion.uexp" 410
"../../../Engine/Plugins/Editor/SpeedTreeImporter/Content/SpeedTree9/SpeedTreeBranchMotion.uasset" 411
"../../../Engine/Plugins/Editor/SpeedTreeImporter/Content/SpeedTree9/SpeedTreeBranchMotion.uexp" 412
"../../../Engine/Plugins/Editor/SpeedTreeImporter/Content/SpeedTree9/SpeedTreeWind.uasset" 413
"../../../Engine/Plugins/Editor/SpeedTreeImporter/Content/SpeedTree9/SpeedTreeWind.uexp" 414
"../../../Engine/Plugins/Editor/SpeedTreeImporter/Content/SpeedTree9/SpeedTreeBillboard.uasset" 415
"../../../Engine/Plugins/Editor/SpeedTreeImporter/Content/SpeedTree9/SpeedTreeBillboard.uexp" 416
"../../../Engine/Plugins/Editor/SpeedTreeImporter/Content/SpeedTree9/EmptyNormal.uasset" 417
"../../../Engine/Plugins/Editor/SpeedTreeImporter/Content/SpeedTree9/EmptyNormal.uexp" 418
"../../../Engine/Plugins/Editor/SpeedTreeImporter/Content/SpeedTree9/Empty.uasset" 419
"../../../Engine/Plugins/Editor/SpeedTreeImporter/Content/SpeedTree9/Empty.uexp" 420
"../../../Engine/Plugins/Editor/SpeedTreeImporter/Content/SpeedTree9/SpeedTreeBillboardMaster.uasset" 421
"../../../Engine/Plugins/Editor/SpeedTreeImporter/Content/SpeedTree9/SpeedTreeBillboardMaster.uexp" 422
"../../../Engine/Plugins/Editor/SpeedTreeImporter/Content/SpeedTree9/SpeedTreeCameraFacing.uasset" 423
"../../../Engine/Plugins/Editor/SpeedTreeImporter/Content/SpeedTree9/SpeedTreeCameraFacing.uexp" 424
"../../../Engine/Plugins/Editor/SpeedTreeImporter/Content/SpeedTree9/SpeedTreeMaster.uasset" 425
"../../../Engine/Plugins/Editor/SpeedTreeImporter/Content/SpeedTree9/SpeedTreeMaster.uexp" 426
"../../../Engine/Content/EngineResources/Black.uasset" 427
"../../../Engine/Content/EngineResources/Black.uexp" 428
"../../../Engine/Plugins/Runtime/OpenXR/Content/Devices/GoogleDaydream/MRTexture.uasset" 429
"../../../Engine/Plugins/Runtime/OpenXR/Content/Devices/GoogleDaydream/MRTexture.uexp" 430
"../../../Engine/Plugins/Runtime/OpenXR/Content/Devices/GoogleDaydream/MRTexture.ubulk" 431
"../../../Engine/Plugins/Runtime/OpenXR/Content/Devices/GoogleDaydream/BaseTexture.uasset" 432
"../../../Engine/Plugins/Runtime/OpenXR/Content/Devices/GoogleDaydream/BaseTexture.uexp" 433
"../../../Engine/Plugins/Runtime/OpenXR/Content/Devices/GoogleDaydream/BaseTexture.ubulk" 434
"../../../Engine/Plugins/Runtime/OpenXR/Content/Devices/M_XRController.uasset" 435
"../../../Engine/Plugins/Runtime/OpenXR/Content/Devices/M_XRController.uexp" 436
"../../../Engine/Plugins/Runtime/OpenXR/Content/Devices/GoogleDaydream/MI_GoogleDaydream.uasset" 437
"../../../Engine/Plugins/Runtime/OpenXR/Content/Devices/GoogleDaydream/MI_GoogleDaydream.uexp" 438
"../../../Engine/Plugins/Runtime/OpenXR/Content/Devices/GoogleDaydream/GoogleDaydreamController.uasset" 439
"../../../Engine/Plugins/Runtime/OpenXR/Content/Devices/GoogleDaydream/GoogleDaydreamController.uexp" 440
"../../../Engine/Plugins/Runtime/OpenXR/Content/Devices/HTCVive/BaseTexture.uasset" 441
"../../../Engine/Plugins/Runtime/OpenXR/Content/Devices/HTCVive/BaseTexture.uexp" 442
"../../../Engine/Plugins/Runtime/OpenXR/Content/Devices/HTCVive/BaseTexture.ubulk" 443
"../../../Engine/Plugins/Runtime/OpenXR/Content/Devices/HTCVive/MI_HTCVive.uasset" 444
"../../../Engine/Plugins/Runtime/OpenXR/Content/Devices/HTCVive/MI_HTCVive.uexp" 445
"../../../Engine/Plugins/Runtime/OpenXR/Content/Devices/HTCVive/HTCViveController.uasset" 446
"../../../Engine/Plugins/Runtime/OpenXR/Content/Devices/HTCVive/HTCViveController.uexp" 447
"../../../Engine/Plugins/Runtime/OpenXR/Content/Devices/MicrosoftMixedReality/NormalTexture.uasset" 448
"../../../Engine/Plugins/Runtime/OpenXR/Content/Devices/MicrosoftMixedReality/NormalTexture.uexp" 449
"../../../Engine/Plugins/Runtime/OpenXR/Content/Devices/MicrosoftMixedReality/NormalTexture.ubulk" 450
"../../../Engine/Plugins/Runtime/OpenXR/Content/Devices/MicrosoftMixedReality/MRTexture.uasset" 451
"../../../Engine/Plugins/Runtime/OpenXR/Content/Devices/MicrosoftMixedReality/MRTexture.uexp" 452
"../../../Engine/Plugins/Runtime/OpenXR/Content/Devices/MicrosoftMixedReality/MRTexture.ubulk" 453
"../../../Engine/Plugins/Runtime/OpenXR/Content/Devices/MicrosoftMixedReality/EmissiveTexture.uasset" 454
"../../../Engine/Plugins/Runtime/OpenXR/Content/Devices/MicrosoftMixedReality/EmissiveTexture.uexp" 455
"../../../Engine/Plugins/Runtime/OpenXR/Content/Devices/MicrosoftMixedReality/EmissiveTexture.ubulk" 456
"../../../Engine/Plugins/Runtime/OpenXR/Content/Devices/MicrosoftMixedReality/BaseTexture.uasset" 457
"../../../Engine/Plugins/Runtime/OpenXR/Content/Devices/MicrosoftMixedReality/BaseTexture.uexp" 458
"../../../Engine/Plugins/Runtime/OpenXR/Content/Devices/MicrosoftMixedReality/BaseTexture.ubulk" 459
"../../../Engine/Plugins/Runtime/OpenXR/Content/Devices/MicrosoftMixedReality/MI_MicrosoftMixedReality.uasset" 460
"../../../Engine/Plugins/Runtime/OpenXR/Content/Devices/MicrosoftMixedReality/MI_MicrosoftMixedReality.uexp" 461
"../../../Engine/Plugins/Runtime/OpenXR/Content/Devices/MicrosoftMixedReality/Left/left_MicrosoftMixedRealityController.uasset" 462
"../../../Engine/Plugins/Runtime/OpenXR/Content/Devices/MicrosoftMixedReality/Left/left_MicrosoftMixedRealityController.uexp" 463
"../../../Engine/Plugins/Runtime/OpenXR/Content/Devices/MicrosoftMixedReality/Right/right_MicrosoftMixedRealityController.uasset" 464
"../../../Engine/Plugins/Runtime/OpenXR/Content/Devices/MicrosoftMixedReality/Right/right_MicrosoftMixedRealityController.uexp" 465
"../../../Engine/Plugins/Runtime/OpenXR/Content/Devices/OculusGo/BaseTexture.uasset" 466
"../../../Engine/Plugins/Runtime/OpenXR/Content/Devices/OculusGo/BaseTexture.uexp" 467
"../../../Engine/Plugins/Runtime/OpenXR/Content/Devices/OculusGo/BaseTexture.ubulk" 468
"../../../Engine/Plugins/Runtime/OpenXR/Content/Devices/OculusGo/MI_OculusGo.uasset" 469
"../../../Engine/Plugins/Runtime/OpenXR/Content/Devices/OculusGo/MI_OculusGo.uexp" 470
"../../../Engine/Plugins/Runtime/OpenXR/Content/Devices/OculusGo/OculusGoController.uasset" 471
"../../../Engine/Plugins/Runtime/OpenXR/Content/Devices/OculusGo/OculusGoController.uexp" 472
"../../../Engine/Plugins/Runtime/OpenXR/Content/Devices/OculusTouch/MRTexture.uasset" 473
"../../../Engine/Plugins/Runtime/OpenXR/Content/Devices/OculusTouch/MRTexture.uexp" 474
"../../../Engine/Plugins/Runtime/OpenXR/Content/Devices/OculusTouch/MRTexture.ubulk" 475
"../../../Engine/Plugins/Runtime/OpenXR/Content/Devices/OculusTouch/BaseTexture.uasset" 476
"../../../Engine/Plugins/Runtime/OpenXR/Content/Devices/OculusTouch/BaseTexture.uexp" 477
"../../../Engine/Plugins/Runtime/OpenXR/Content/Devices/OculusTouch/BaseTexture.ubulk" 478
"../../../Engine/Plugins/Runtime/OpenXR/Content/Devices/OculusTouch/MI_OculusTouch.uasset" 479
"../../../Engine/Plugins/Runtime/OpenXR/Content/Devices/OculusTouch/MI_OculusTouch.uexp" 480
"../../../Engine/Plugins/Runtime/OpenXR/Content/Devices/OculusTouch/Left/left_OculusTouchController.uasset" 481
"../../../Engine/Plugins/Runtime/OpenXR/Content/Devices/OculusTouch/Left/left_OculusTouchController.uexp" 482
"../../../Engine/Plugins/Runtime/OpenXR/Content/Devices/OculusTouch/Right/right_OculusTouchController.uasset" 483
"../../../Engine/Plugins/Runtime/OpenXR/Content/Devices/OculusTouch/Right/right_OculusTouchController.uexp" 484
"../../../Engine/Plugins/Runtime/OpenXR/Content/Devices/OculusTouch_v2/MRTexture.uasset" 485
"../../../Engine/Plugins/Runtime/OpenXR/Content/Devices/OculusTouch_v2/MRTexture.uexp" 486
"../../../Engine/Plugins/Runtime/OpenXR/Content/Devices/OculusTouch_v2/MRTexture.ubulk" 487
"../../../Engine/Plugins/Runtime/OpenXR/Content/Devices/OculusTouch_v2/BaseTexture.uasset" 488
"../../../Engine/Plugins/Runtime/OpenXR/Content/Devices/OculusTouch_v2/BaseTexture.uexp" 489
"../../../Engine/Plugins/Runtime/OpenXR/Content/Devices/OculusTouch_v2/BaseTexture.ubulk" 490
"../../../Engine/Plugins/Runtime/OpenXR/Content/Devices/OculusTouch_v2/MI_OculusTouch_v2.uasset" 491
"../../../Engine/Plugins/Runtime/OpenXR/Content/Devices/OculusTouch_v2/MI_OculusTouch_v2.uexp" 492
"../../../Engine/Plugins/Runtime/OpenXR/Content/Devices/OculusTouch_v2/Left/left_OculusTouch_v2Controller.uasset" 493
"../../../Engine/Plugins/Runtime/OpenXR/Content/Devices/OculusTouch_v2/Left/left_OculusTouch_v2Controller.uexp" 494
"../../../Engine/Plugins/Runtime/OpenXR/Content/Devices/OculusTouch_v2/Right/right_OculusTouch_v2Controller.uasset" 495
"../../../Engine/Plugins/Runtime/OpenXR/Content/Devices/OculusTouch_v2/Right/right_OculusTouch_v2Controller.uexp" 496
"../../../Engine/Plugins/Runtime/OpenXR/Content/Devices/OculusTouch_v3/MRTexture.uasset" 497
"../../../Engine/Plugins/Runtime/OpenXR/Content/Devices/OculusTouch_v3/MRTexture.uexp" 498
"../../../Engine/Plugins/Runtime/OpenXR/Content/Devices/OculusTouch_v3/MRTexture.ubulk" 499
"../../../Engine/Plugins/Runtime/OpenXR/Content/Devices/OculusTouch_v3/BaseTexture.uasset" 500
"../../../Engine/Plugins/Runtime/OpenXR/Content/Devices/OculusTouch_v3/BaseTexture.uexp" 501
"../../../Engine/Plugins/Runtime/OpenXR/Content/Devices/OculusTouch_v3/BaseTexture.ubulk" 502
"../../../Engine/Plugins/Runtime/OpenXR/Content/Devices/OculusTouch_v3/MI_OculusTouch_v3.uasset" 503
"../../../Engine/Plugins/Runtime/OpenXR/Content/Devices/OculusTouch_v3/MI_OculusTouch_v3.uexp" 504
"../../../Engine/Plugins/Runtime/OpenXR/Content/Devices/OculusTouch_v3/Left/left_OculusTouch_v3Controller.uasset" 505
"../../../Engine/Plugins/Runtime/OpenXR/Content/Devices/OculusTouch_v3/Left/left_OculusTouch_v3Controller.uexp" 506
"../../../Engine/Plugins/Runtime/OpenXR/Content/Devices/OculusTouch_v3/Right/right_OculusTouch_v3Controller.uasset" 507
"../../../Engine/Plugins/Runtime/OpenXR/Content/Devices/OculusTouch_v3/Right/right_OculusTouch_v3Controller.uexp" 508
"../../../Engine/Plugins/Runtime/OpenXR/Content/Devices/ValveIndex/MRTexture.uasset" 509
"../../../Engine/Plugins/Runtime/OpenXR/Content/Devices/ValveIndex/MRTexture.uexp" 510
"../../../Engine/Plugins/Runtime/OpenXR/Content/Devices/ValveIndex/MRTexture.ubulk" 511
"../../../Engine/Plugins/Runtime/OpenXR/Content/Devices/ValveIndex/BaseTexture.uasset" 512
"../../../Engine/Plugins/Runtime/OpenXR/Content/Devices/ValveIndex/BaseTexture.uexp" 513
"../../../Engine/Plugins/Runtime/OpenXR/Content/Devices/ValveIndex/BaseTexture.ubulk" 514
"../../../Engine/Plugins/Runtime/OpenXR/Content/Devices/ValveIndex/Left/MI_left_ValveIndex.uasset" 515
"../../../Engine/Plugins/Runtime/OpenXR/Content/Devices/ValveIndex/Left/MI_left_ValveIndex.uexp" 516
"../../../Engine/Plugins/Runtime/OpenXR/Content/Devices/ValveIndex/Left/left_ValveIndexController.uasset" 517
"../../../Engine/Plugins/Runtime/OpenXR/Content/Devices/ValveIndex/Left/left_ValveIndexController.uexp" 518
"../../../Engine/Plugins/Runtime/OpenXR/Content/Devices/ValveIndex/Right/MI_right_ValveIndex.uasset" 519
"../../../Engine/Plugins/Runtime/OpenXR/Content/Devices/ValveIndex/Right/MI_right_ValveIndex.uexp" 520
"../../../Engine/Plugins/Runtime/OpenXR/Content/Devices/ValveIndex/Right/right_ValveIndexController.uasset" 521
"../../../Engine/Plugins/Runtime/OpenXR/Content/Devices/ValveIndex/Right/right_ValveIndexController.uexp" 522
"../../../Engine/Content/Functions/Engine_MaterialFunctions02/Utility/BreakOutFloat4Components.uasset" 523
"../../../Engine/Content/Functions/Engine_MaterialFunctions02/Utility/BreakOutFloat4Components.uexp" 524
"../../../Engine/Content/Functions/Engine_MaterialFunctions02/Utility/MakeFloat3.uasset" 525
"../../../Engine/Content/Functions/Engine_MaterialFunctions02/Utility/MakeFloat3.uexp" 526
"../../../Engine/Plugins/Runtime/Oculus/OculusVR/Content/Materials/OculusMR_ChromaKey.uasset" 527
"../../../Engine/Plugins/Runtime/Oculus/OculusVR/Content/Materials/OculusMR_ChromaKey.uexp" 528
"../../../Engine/Plugins/Runtime/Oculus/OculusVR/Content/Materials/OculusMR_OpaqueColoredMaterial.uasset" 529
"../../../Engine/Plugins/Runtime/Oculus/OculusVR/Content/Materials/OculusMR_OpaqueColoredMaterial.uexp" 530
"../../../Engine/Plugins/Runtime/Oculus/OculusVR/Content/Materials/PokeAHoleMaterial.uasset" 531
"../../../Engine/Plugins/Runtime/Oculus/OculusVR/Content/Materials/PokeAHoleMaterial.uexp" 532
"../../../Engine/Plugins/Runtime/Oculus/OculusVR/Content/Textures/touchController_controlmap.uasset" 533
"../../../Engine/Plugins/Runtime/Oculus/OculusVR/Content/Textures/touchController_controlmap.uexp" 534
"../../../Engine/Plugins/Runtime/Oculus/OculusVR/Content/Textures/touchController_controlmap.ubulk" 535
"../../../Engine/Plugins/Runtime/Oculus/OculusVR/Content/Textures/touchController_albedo.uasset" 536
"../../../Engine/Plugins/Runtime/Oculus/OculusVR/Content/Textures/touchController_albedo.uexp" 537
"../../../Engine/Plugins/Runtime/Oculus/OculusVR/Content/Textures/touchController_albedo.ubulk" 538
"../../../Engine/Plugins/Runtime/Oculus/OculusVR/Content/Materials/touchController_mat.uasset" 539
"../../../Engine/Plugins/Runtime/Oculus/OculusVR/Content/Materials/touchController_mat.uexp" 540
"../../../Engine/Plugins/Runtime/Oculus/OculusVR/Content/Meshes/LeftTouchController.uasset" 541
"../../../Engine/Plugins/Runtime/Oculus/OculusVR/Content/Meshes/LeftTouchController.uexp" 542
"../../../Engine/Plugins/Runtime/Oculus/OculusVR/Content/Textures/TouchForQuestRiftSController_albedo.uasset" 543
"../../../Engine/Plugins/Runtime/Oculus/OculusVR/Content/Textures/TouchForQuestRiftSController_albedo.uexp" 544
"../../../Engine/Plugins/Runtime/Oculus/OculusVR/Content/Textures/TouchForQuestRiftSController_albedo.ubulk" 545
"../../../Engine/Plugins/Runtime/Oculus/OculusVR/Content/Materials/TouchForQuestRiftSControllerMaterial.uasset" 546
"../../../Engine/Plugins/Runtime/Oculus/OculusVR/Content/Materials/TouchForQuestRiftSControllerMaterial.uexp" 547
"../../../Engine/Plugins/Runtime/Oculus/OculusVR/Content/Meshes/LeftTouchForQuestRiftSController.uasset" 548
"../../../Engine/Plugins/Runtime/Oculus/OculusVR/Content/Meshes/LeftTouchForQuestRiftSController.uexp" 549
"../../../Engine/Plugins/Runtime/Oculus/OculusVR/Content/Meshes/RiftHMD.uasset" 550
"../../../Engine/Plugins/Runtime/Oculus/OculusVR/Content/Meshes/RiftHMD.uexp" 551
"../../../Engine/Plugins/Runtime/Oculus/OculusVR/Content/Meshes/RightTouchController.uasset" 552
"../../../Engine/Plugins/Runtime/Oculus/OculusVR/Content/Meshes/RightTouchController.uexp" 553
"../../../Engine/Plugins/Runtime/Oculus/OculusVR/Content/Meshes/RightTouchForQuestRiftSController.uasset" 554
"../../../Engine/Plugins/Runtime/Oculus/OculusVR/Content/Meshes/RightTouchForQuestRiftSController.uexp" 555
"D:/Pica Emmanuel/4.Semester/GameJam2/CBT_Name/Content/ThirdPersonBP/Blueprints/TriggerBox_Blueprint.uasset" 556
"D:/Pica Emmanuel/4.Semester/GameJam2/CBT_Name/Content/ThirdPersonBP/Blueprints/TriggerBox_Blueprint.uexp" 557
"D:/Pica Emmanuel/4.Semester/GameJam2/CBT_Name/Content/Geometry/Meshes/CubeMaterial.uasset" 558
"D:/Pica Emmanuel/4.Semester/GameJam2/CBT_Name/Content/Geometry/Meshes/CubeMaterial.uexp" 559
"D:/Pica Emmanuel/4.Semester/GameJam2/CBT_Name/Content/Geometry/Meshes/1M_Cube.uasset" 560
"D:/Pica Emmanuel/4.Semester/GameJam2/CBT_Name/Content/Geometry/Meshes/1M_Cube.uexp" 561
"D:/Pica Emmanuel/4.Semester/GameJam2/CBT_Name/Content/animation_movement/texturecatfinal/lambert11.uasset" 562
"D:/Pica Emmanuel/4.Semester/GameJam2/CBT_Name/Content/animation_movement/texturecatfinal/lambert11.uexp" 563
"D:/Pica Emmanuel/4.Semester/GameJam2/CBT_Name/Content/ThirdPersonBP/Blueprints/Checkpoint.uasset" 564
"D:/Pica Emmanuel/4.Semester/GameJam2/CBT_Name/Content/ThirdPersonBP/Blueprints/Checkpoint.uexp" 565
"D:/Pica Emmanuel/4.Semester/GameJam2/CBT_Name/Content/Geometry/Meshes/TemplateFloor.uasset" 566
"D:/Pica Emmanuel/4.Semester/GameJam2/CBT_Name/Content/Geometry/Meshes/TemplateFloor.uexp" 567
"../../../Engine/Content/EngineSky/T_Sky_Stars.uasset" 568
"../../../Engine/Content/EngineSky/T_Sky_Stars.uexp" 569
"../../../Engine/Content/EngineSky/T_Sky_Stars.ubulk" 570
"../../../Engine/Content/EngineSky/T_Sky_Clouds_M.uasset" 571
"../../../Engine/Content/EngineSky/T_Sky_Clouds_M.uexp" 572
"../../../Engine/Content/EngineSky/T_Sky_Clouds_M.ubulk" 573
"../../../Engine/Content/EngineSky/T_Sky_Blue.uasset" 574
"../../../Engine/Content/EngineSky/T_Sky_Blue.uexp" 575
"../../../Engine/Content/EngineSky/T_Sky_Blue.ubulk" 576
"../../../Engine/Content/EngineSky/M_Sky_Panning_Clouds2.uasset" 577
"../../../Engine/Content/EngineSky/M_Sky_Panning_Clouds2.uexp" 578
"../../../Engine/Content/EngineSky/SM_SkySphere.uasset" 579
"../../../Engine/Content/EngineSky/SM_SkySphere.uexp" 580
"../../../Engine/Content/EngineSky/C_Sky_Zenith_Color.uasset" 581
"../../../Engine/Content/EngineSky/C_Sky_Zenith_Color.uexp" 582
"../../../Engine/Content/EngineSky/C_Sky_Horizon_Color.uasset" 583
"../../../Engine/Content/EngineSky/C_Sky_Horizon_Color.uexp" 584
"../../../Engine/Content/EngineSky/C_Sky_Cloud_Color.uasset" 585
"../../../Engine/Content/EngineSky/C_Sky_Cloud_Color.uexp" 586
"../../../Engine/Content/EngineSky/BP_Sky_Sphere.uasset" 587
"../../../Engine/Content/EngineSky/BP_Sky_Sphere.uexp" 588
"D:/Pica Emmanuel/4.Semester/GameJam2/CBT_Name/Content/SM_AsianCastle_E.uasset" 589
"D:/Pica Emmanuel/4.Semester/GameJam2/CBT_Name/Content/SM_AsianCastle_E.uexp" 590
"D:/Pica Emmanuel/4.Semester/GameJam2/CBT_Name/Content/SM_AsianCastle_C.uasset" 591
"D:/Pica Emmanuel/4.Semester/GameJam2/CBT_Name/Content/SM_AsianCastle_C.uexp" 592
"D:/Pica Emmanuel/4.Semester/GameJam2/CBT_Name/Content/SM_AsianCastle_B.uasset" 593
"D:/Pica Emmanuel/4.Semester/GameJam2/CBT_Name/Content/SM_AsianCastle_B.uexp" 594
"D:/Pica Emmanuel/4.Semester/GameJam2/CBT_Name/Content/ThirdPersonBP/Maps/ThirdPersonExampleMap.uexp" 595
"D:/Pica Emmanuel/4.Semester/GameJam2/CBT_Name/Content/ThirdPersonBP/Maps/ThirdPersonExampleMap.umap" 596
"../../../Engine/Content/Maps/Entry_BuiltData.uasset" 597
"../../../Engine/Content/Maps/Entry_BuiltData.uexp" 598
"../../../Engine/Content/Maps/Entry.uexp" 599
"../../../Engine/Content/Maps/Entry.umap" 600
